<?xml version="1.0" encoding="UTF-8"?>
<!-- Generated by org.testng.reporters.JUnitReportReporter -->
<testsuite skipped="0" hostname="DESKTOP-6H2NB87" name="DemoJenkin.DemoJenkin.HomeTest" tests="1" failures="0" timestamp="2020-06-06T23:20:24 CDT" time="28.272" errors="0">
  <testcase name="VerifyHomeTitleTest" time="28.272" classname="DemoJenkin.DemoJenkin.HomeTest"/>
  <system-out/>
</testsuite> <!-- DemoJenkin.DemoJenkin.HomeTest -->
